processing file jrj\00713b8026bccef35e53cfddaddf487etxt.txt (1/499)
Skip jrj\00713b8026bccef35e53cfddaddf487etxt.txt, it had been processed.
processing file jrj\0157c3069410a4b05db150aeaf4c72e8txt.txt (2/499)
Skip jrj\0157c3069410a4b05db150aeaf4c72e8txt.txt, it had been processed.
processing file jrj\01682b96bd7078df7985758dd0ee0eb0txt.txt (3/499)
Skip jrj\01682b96bd7078df7985758dd0ee0eb0txt.txt, it had been processed.
processing file jrj\01f59d67e4b41492334d41b0a063435ctxt.txt (4/499)
Skip jrj\01f59d67e4b41492334d41b0a063435ctxt.txt, it had been processed.
processing file jrj\02133407246ec0b6ff5b161d904aadbctxt.txt (5/499)
Skip jrj\02133407246ec0b6ff5b161d904aadbctxt.txt, it had been processed.
processing file jrj\02be158bb3dec6484da7084569864c07txt.txt (6/499)
Skip jrj\02be158bb3dec6484da7084569864c07txt.txt, it had been processed.
processing file jrj\03443f4ed1cfddeebc93ca71a336cf31txt.txt (7/499)
Skip jrj\03443f4ed1cfddeebc93ca71a336cf31txt.txt, it had been processed.
processing file jrj\03b4b01c6c323c15810aaaca88cebc68txt.txt (8/499)
Skip jrj\03b4b01c6c323c15810aaaca88cebc68txt.txt, it had been processed.
processing file jrj\03cdd81eb3624365d3366548159088d9txt.txt (9/499)
Skip jrj\03cdd81eb3624365d3366548159088d9txt.txt, it had been processed.
processing file jrj\03e1ffc8e22a53048b3b5073398911a7txt.txt (10/499)
Skip jrj\03e1ffc8e22a53048b3b5073398911a7txt.txt, it had been processed.
processing file jrj\049cff5bfe1996544c40d9cbd0d76ee4txt.txt (11/499)
Skip jrj\049cff5bfe1996544c40d9cbd0d76ee4txt.txt, it had been processed.
processing file jrj\056fadd992ce5dd1c36804f9d72ba4c0txt.txt (12/499)
Skip jrj\056fadd992ce5dd1c36804f9d72ba4c0txt.txt, it had been processed.
processing file jrj\06a33c2b52f0e1c4f4958e7112471c4ftxt.txt (13/499)
Skip jrj\06a33c2b52f0e1c4f4958e7112471c4ftxt.txt, it had been processed.
processing file jrj\070b22e4b870dc947bd29072af1608d4txt.txt (14/499)
Skip jrj\070b22e4b870dc947bd29072af1608d4txt.txt, it had been processed.
processing file jrj\0787eae7fbbf217f29d6e3567eb79e2ftxt.txt (15/499)
Skip jrj\0787eae7fbbf217f29d6e3567eb79e2ftxt.txt, it had been processed.
processing file jrj\07cb50d96d6536d1ed2768c98d164b0etxt.txt (16/499)
Skip jrj\07cb50d96d6536d1ed2768c98d164b0etxt.txt, it had been processed.
processing file jrj\09c17c0de980ebca80cbdc2fdfb8f9f4txt.txt (17/499)
Skip jrj\09c17c0de980ebca80cbdc2fdfb8f9f4txt.txt, it had been processed.
processing file jrj\09c41daeb4d7c93b0124409fa2748b9atxt.txt (18/499)
Skip jrj\09c41daeb4d7c93b0124409fa2748b9atxt.txt, it had been processed.
processing file jrj\09f7050025d9432935c6bd143dff781ctxt.txt (19/499)
Skip jrj\09f7050025d9432935c6bd143dff781ctxt.txt, it had been processed.
processing file jrj\0a36ed9adc70a5f6e8a691cd076ef14etxt.txt (20/499)
Skip jrj\0a36ed9adc70a5f6e8a691cd076ef14etxt.txt, it had been processed.
processing file jrj\0b9034e42128deb05d1db86e43867fc4txt.txt (21/499)
Skip jrj\0b9034e42128deb05d1db86e43867fc4txt.txt, it had been processed.
processing file jrj\0c4e9e46c155a6178bd69e8bdfdbf826txt.txt (22/499)
Skip jrj\0c4e9e46c155a6178bd69e8bdfdbf826txt.txt, it had been processed.
processing file jrj\0c6099847c9a59acd5ebee346ba5cceatxt.txt (23/499)
Skip jrj\0c6099847c9a59acd5ebee346ba5cceatxt.txt, it had been processed.
processing file jrj\0cb409464e56c4d6360c172737271f5btxt.txt (24/499)
Skip jrj\0cb409464e56c4d6360c172737271f5btxt.txt, it had been processed.
processing file jrj\0cf00b159edeefab6c9bb49d1d41aafftxt.txt (25/499)
Skip jrj\0cf00b159edeefab6c9bb49d1d41aafftxt.txt, it had been processed.
processing file jrj\0d7bb1da795dc333831f9be33cc7319atxt.txt (26/499)
Skip jrj\0d7bb1da795dc333831f9be33cc7319atxt.txt, it had been processed.
processing file jrj\0d9193611a49df5420a700e15a609174txt.txt (27/499)
Skip jrj\0d9193611a49df5420a700e15a609174txt.txt, it had been processed.
processing file jrj\0e3af99de417b36b8db1f1b8b976b7e9txt.txt (28/499)
Skip jrj\0e3af99de417b36b8db1f1b8b976b7e9txt.txt, it had been processed.
processing file jrj\0e73314d639e481cf3a0612a60c8ea46txt.txt (29/499)
Skip jrj\0e73314d639e481cf3a0612a60c8ea46txt.txt, it had been processed.
processing file jrj\0e75af42b0f91d6875a91cbe0cd5594ctxt.txt (30/499)
Skip jrj\0e75af42b0f91d6875a91cbe0cd5594ctxt.txt, it had been processed.
processing file jrj\0eb6cf5f0ab5520fae2f5d3bd69c0b31txt.txt (31/499)
Skip jrj\0eb6cf5f0ab5520fae2f5d3bd69c0b31txt.txt, it had been processed.
processing file jrj\0f36a9c2213bfed961f788a88cb89b57txt.txt (32/499)
Skip jrj\0f36a9c2213bfed961f788a88cb89b57txt.txt, it had been processed.
processing file jrj\0f64a812d00bc02a9bd7c9dbbce5ea69txt.txt (33/499)
Skip jrj\0f64a812d00bc02a9bd7c9dbbce5ea69txt.txt, it had been processed.
processing file jrj\0f80573184eeff8ec82a3b120b551779txt.txt (34/499)
Skip jrj\0f80573184eeff8ec82a3b120b551779txt.txt, it had been processed.
processing file jrj\0fdee3e8b56a44a068c89e1d8d596a5ctxt.txt (35/499)
Skip jrj\0fdee3e8b56a44a068c89e1d8d596a5ctxt.txt, it had been processed.
processing file jrj\10f88122a1f32395f91f6e2d184b0f72txt.txt (36/499)
Skip jrj\10f88122a1f32395f91f6e2d184b0f72txt.txt, it had been processed.
processing file jrj\11a7d70c2924ec12e753c39c06b56f9etxt.txt (37/499)
Skip jrj\11a7d70c2924ec12e753c39c06b56f9etxt.txt, it had been processed.
processing file jrj\11ffe8c1bc0724166564e51b9fff0ef9txt.txt (38/499)
Skip jrj\11ffe8c1bc0724166564e51b9fff0ef9txt.txt, it had been processed.
processing file jrj\127713628ed52592f38eda7c76afa3catxt.txt (39/499)
Skip jrj\127713628ed52592f38eda7c76afa3catxt.txt, it had been processed.
processing file jrj\12803a05b10f6ce52b1bf7e4a3f50132txt.txt (40/499)
Skip jrj\12803a05b10f6ce52b1bf7e4a3f50132txt.txt, it had been processed.
processing file jrj\137aa434865748a68444beb68d479bf8txt.txt (41/499)
Skip jrj\137aa434865748a68444beb68d479bf8txt.txt, it had been processed.
processing file jrj\13f1d33114e74b2e42a7ba6888b313datxt.txt (42/499)
Skip jrj\13f1d33114e74b2e42a7ba6888b313datxt.txt, it had been processed.
processing file jrj\14ae27aab8e2c6abe41ae7c70f180878txt.txt (43/499)
Skip jrj\14ae27aab8e2c6abe41ae7c70f180878txt.txt, it had been processed.
processing file jrj\14c6d9940ae0a3336e4d1a0f6632e0abtxt.txt (44/499)
Skip jrj\14c6d9940ae0a3336e4d1a0f6632e0abtxt.txt, it had been processed.
processing file jrj\156b23f1382f9c8612cc56336400fe03txt.txt (45/499)
Skip jrj\156b23f1382f9c8612cc56336400fe03txt.txt, it had been processed.
processing file jrj\1581a09be7d6e63129f576e34a921e1ctxt.txt (46/499)
Skip jrj\1581a09be7d6e63129f576e34a921e1ctxt.txt, it had been processed.
processing file jrj\171824e69594be43b07231f01c24e541txt.txt (47/499)
Skip jrj\171824e69594be43b07231f01c24e541txt.txt, it had been processed.
processing file jrj\17f0d786020c4d75bab2256a84a41d2atxt.txt (48/499)
Skip jrj\17f0d786020c4d75bab2256a84a41d2atxt.txt, it had been processed.
processing file jrj\18468e8b0e31dfb6e6c72c9f83466aaetxt.txt (49/499)
Skip jrj\18468e8b0e31dfb6e6c72c9f83466aaetxt.txt, it had been processed.
processing file jrj\1921c022b4bdcd6f9ddbfa886bb82338txt.txt (50/499)
Skip jrj\1921c022b4bdcd6f9ddbfa886bb82338txt.txt, it had been processed.
processing file jrj\1a3a45bc7280fea64c3ef97b8bf37f22txt.txt (51/499)
Skip jrj\1a3a45bc7280fea64c3ef97b8bf37f22txt.txt, it had been processed.
processing file jrj\1ba1d17c65789cf71ee082a59be36f2ctxt.txt (52/499)
Skip jrj\1ba1d17c65789cf71ee082a59be36f2ctxt.txt, it had been processed.
processing file jrj\1be234dd86f35a5fc422a84bbcf3b909txt.txt (53/499)
Skip jrj\1be234dd86f35a5fc422a84bbcf3b909txt.txt, it had been processed.
processing file jrj\1bf8cfdca8f8f27c2b94900a8f16d2b3txt.txt (54/499)
Skip jrj\1bf8cfdca8f8f27c2b94900a8f16d2b3txt.txt, it had been processed.
processing file jrj\1c2ba034ec6dec7122201dd1633df519txt.txt (55/499)
Skip jrj\1c2ba034ec6dec7122201dd1633df519txt.txt, it had been processed.
processing file jrj\1c6592f6f6ec2d6b5a0d6cf3d5e1e32dtxt.txt (56/499)
Skip jrj\1c6592f6f6ec2d6b5a0d6cf3d5e1e32dtxt.txt, it had been processed.
processing file jrj\1d1ca71e2c154a7b1158060b23318f53txt.txt (57/499)
Skip jrj\1d1ca71e2c154a7b1158060b23318f53txt.txt, it had been processed.
processing file jrj\1dd4294d527d95edefcefe633e19ad22txt.txt (58/499)
Skip jrj\1dd4294d527d95edefcefe633e19ad22txt.txt, it had been processed.
processing file jrj\1e129f6a475e68179b7099b54939d730txt.txt (59/499)
Skip jrj\1e129f6a475e68179b7099b54939d730txt.txt, it had been processed.
processing file jrj\1f1a21281f6983d7e242479bbc68e176txt.txt (60/499)
Skip jrj\1f1a21281f6983d7e242479bbc68e176txt.txt, it had been processed.
processing file jrj\1f50662b2922f57cedb8db897276f9c2txt.txt (61/499)
Skip jrj\1f50662b2922f57cedb8db897276f9c2txt.txt, it had been processed.
processing file jrj\1f72855ff361708f986e9a2731941301txt.txt (62/499)
Skip jrj\1f72855ff361708f986e9a2731941301txt.txt, it had been processed.
processing file jrj\1fcd7ec4243999bd5b4ad86225f1a3cetxt.txt (63/499)
Skip jrj\1fcd7ec4243999bd5b4ad86225f1a3cetxt.txt, it had been processed.
processing file jrj\2030d9e8d6ec506e1d9cc7683115eee2txt.txt (64/499)
Skip jrj\2030d9e8d6ec506e1d9cc7683115eee2txt.txt, it had been processed.
processing file jrj\213d7aace5177a5e68ae4daae6439921txt.txt (65/499)
Skip jrj\213d7aace5177a5e68ae4daae6439921txt.txt, it had been processed.
processing file jrj\21e77b62e3c2bbc707497e0e42684f45txt.txt (66/499)
Skip jrj\21e77b62e3c2bbc707497e0e42684f45txt.txt, it had been processed.
processing file jrj\23d174a96a5b1ca9f1a1c092473b6624txt.txt (67/499)
Skip jrj\23d174a96a5b1ca9f1a1c092473b6624txt.txt, it had been processed.
processing file jrj\24aef5bc730388d864cf16c8f9e3af74txt.txt (68/499)
Skip jrj\24aef5bc730388d864cf16c8f9e3af74txt.txt, it had been processed.
processing file jrj\24d9ed77cbb3239ad62c769030b83db0txt.txt (69/499)
Skip jrj\24d9ed77cbb3239ad62c769030b83db0txt.txt, it had been processed.
processing file jrj\26a411f25b534443d7f46c1974835723txt.txt (70/499)
Skip jrj\26a411f25b534443d7f46c1974835723txt.txt, it had been processed.
processing file jrj\26d62eb724f564154c6123f95790cc05txt.txt (71/499)
Skip jrj\26d62eb724f564154c6123f95790cc05txt.txt, it had been processed.
processing file jrj\26f4a5f66b2d53ab9785cf5ffa7d9150txt.txt (72/499)
Skip jrj\26f4a5f66b2d53ab9785cf5ffa7d9150txt.txt, it had been processed.
processing file jrj\27013f73ad5faf74df16ba5592987662txt.txt (73/499)
Skip jrj\27013f73ad5faf74df16ba5592987662txt.txt, it had been processed.
processing file jrj\271740a5f2e693265cc36c30560813c0txt.txt (74/499)
Skip jrj\271740a5f2e693265cc36c30560813c0txt.txt, it had been processed.
processing file jrj\2796c957d81584774b92d9415a4a5cc1txt.txt (75/499)
Skip jrj\2796c957d81584774b92d9415a4a5cc1txt.txt, it had been processed.
processing file jrj\28adc8c5b55dc8022cd8e1cf2c3ef3datxt.txt (76/499)
Skip jrj\28adc8c5b55dc8022cd8e1cf2c3ef3datxt.txt, it had been processed.
processing file jrj\28af79893ec2770d8b5da59a70562c3btxt.txt (77/499)
Skip jrj\28af79893ec2770d8b5da59a70562c3btxt.txt, it had been processed.
processing file jrj\2bcd7189afa55268f375a10e1d432746txt.txt (78/499)
Skip jrj\2bcd7189afa55268f375a10e1d432746txt.txt, it had been processed.
processing file jrj\2c8297e97a4403c21de98540696dfc7etxt.txt (79/499)
Skip jrj\2c8297e97a4403c21de98540696dfc7etxt.txt, it had been processed.
processing file jrj\2cecf424a51d002fd6d6be4e26ebe06ftxt.txt (80/499)
Skip jrj\2cecf424a51d002fd6d6be4e26ebe06ftxt.txt, it had been processed.
processing file jrj\2d0345bae01a2bb52c2a2bfe265d53e9txt.txt (81/499)
Skip jrj\2d0345bae01a2bb52c2a2bfe265d53e9txt.txt, it had been processed.
processing file jrj\2eb49480b557247d8b5af41dbb3c0b35txt.txt (82/499)
Skip jrj\2eb49480b557247d8b5af41dbb3c0b35txt.txt, it had been processed.
processing file jrj\2f43179ac242f1845e27648bddbcb9adtxt.txt (83/499)
Skip jrj\2f43179ac242f1845e27648bddbcb9adtxt.txt, it had been processed.
processing file jrj\2fa73860562b21bebb0a1cdb396f8ea1txt.txt (84/499)
Skip jrj\2fa73860562b21bebb0a1cdb396f8ea1txt.txt, it had been processed.
processing file jrj\30689fdd78da4969dae4fdc409ac1cf4txt.txt (85/499)
Skip jrj\30689fdd78da4969dae4fdc409ac1cf4txt.txt, it had been processed.
processing file jrj\309ac055119b95939c1a20d8863d4featxt.txt (86/499)
Skip jrj\309ac055119b95939c1a20d8863d4featxt.txt, it had been processed.
processing file jrj\31b382768c1bdc5e07e396df4d1f6219txt.txt (87/499)
Skip jrj\31b382768c1bdc5e07e396df4d1f6219txt.txt, it had been processed.
processing file jrj\3259a330b0ed6aaa859ef6b4bc9d965btxt.txt (88/499)
Skip jrj\3259a330b0ed6aaa859ef6b4bc9d965btxt.txt, it had been processed.
processing file jrj\33f2e804915d101f4ce16ea03c0554c8txt.txt (89/499)
Skip jrj\33f2e804915d101f4ce16ea03c0554c8txt.txt, it had been processed.
processing file jrj\345709206f383e81ac74bb1498890c85txt.txt (90/499)
Skip jrj\345709206f383e81ac74bb1498890c85txt.txt, it had been processed.
processing file jrj\352669a1eeede988e9387f82a43b8a50txt.txt (91/499)
Skip jrj\352669a1eeede988e9387f82a43b8a50txt.txt, it had been processed.
processing file jrj\35373ebc6e9eb5ba5ffd12384045889dtxt.txt (92/499)
Skip jrj\35373ebc6e9eb5ba5ffd12384045889dtxt.txt, it had been processed.
processing file jrj\358b7d3e977334579073c3b2e40d2114txt.txt (93/499)
Skip jrj\358b7d3e977334579073c3b2e40d2114txt.txt, it had been processed.
processing file jrj\35bf1d71e5a40badcb34a1ec135b4447txt.txt (94/499)
Skip jrj\35bf1d71e5a40badcb34a1ec135b4447txt.txt, it had been processed.
processing file jrj\361cc30268debaf87008d9312ccbf77atxt.txt (95/499)
Skip jrj\361cc30268debaf87008d9312ccbf77atxt.txt, it had been processed.
processing file jrj\37990269b16c80ac1afd93f66070bf66txt.txt (96/499)
Skip jrj\37990269b16c80ac1afd93f66070bf66txt.txt, it had been processed.
processing file jrj\3826acecee07591cc74f8be95fb82d89txt.txt (97/499)
Skip jrj\3826acecee07591cc74f8be95fb82d89txt.txt, it had been processed.
processing file jrj\3a88b5977743f8b68cb0a959539f5d39txt.txt (98/499)
Skip jrj\3a88b5977743f8b68cb0a959539f5d39txt.txt, it had been processed.
processing file jrj\3b4bf53b8b8969bba25bb9bdd801a987txt.txt (99/499)
Skip jrj\3b4bf53b8b8969bba25bb9bdd801a987txt.txt, it had been processed.
processing file jrj\3bae9dc1e2e81c04934cfa154cb03176txt.txt (100/499)
Skip jrj\3bae9dc1e2e81c04934cfa154cb03176txt.txt, it had been processed.
processing file jrj\3c09cf7709e8382f57044692b6453090txt.txt (101/499)
Skip jrj\3c09cf7709e8382f57044692b6453090txt.txt, it had been processed.
processing file jrj\3cac46ee85b44260a6bfc343401d9b9btxt.txt (102/499)
Skip jrj\3cac46ee85b44260a6bfc343401d9b9btxt.txt, it had been processed.
processing file jrj\3cc70ca276f916e139d7aa5deb30ce50txt.txt (103/499)
Skip jrj\3cc70ca276f916e139d7aa5deb30ce50txt.txt, it had been processed.
processing file jrj\3d7b7771f65d6024bf4d286c5cc90e64txt.txt (104/499)
Skip jrj\3d7b7771f65d6024bf4d286c5cc90e64txt.txt, it had been processed.
processing file jrj\3efee2a0a16324da082e30d9c84c7783txt.txt (105/499)
Skip jrj\3efee2a0a16324da082e30d9c84c7783txt.txt, it had been processed.
processing file jrj\40d62783f9eb59286fd5efbe08aceb1ftxt.txt (106/499)
Skip jrj\40d62783f9eb59286fd5efbe08aceb1ftxt.txt, it had been processed.
processing file jrj\410a864133176f04dd43be9cf14a33f7txt.txt (107/499)
Skip jrj\410a864133176f04dd43be9cf14a33f7txt.txt, it had been processed.
processing file jrj\41df3489a3593195aaea1987c3526bcatxt.txt (108/499)
Skip jrj\41df3489a3593195aaea1987c3526bcatxt.txt, it had been processed.
processing file jrj\42504aa12a453f31efd142617c4b85b4txt.txt (109/499)
Skip jrj\42504aa12a453f31efd142617c4b85b4txt.txt, it had been processed.
processing file jrj\4553919257e88294cc01ee8ff72ed23atxt.txt (110/499)
Skip jrj\4553919257e88294cc01ee8ff72ed23atxt.txt, it had been processed.
processing file jrj\455955706711ed8a41f3f0ea831cb019txt.txt (111/499)
Skip jrj\455955706711ed8a41f3f0ea831cb019txt.txt, it had been processed.
processing file jrj\45ccdd72d2312075767318632dd6633dtxt.txt (112/499)
Skip jrj\45ccdd72d2312075767318632dd6633dtxt.txt, it had been processed.
processing file jrj\462332ecb79aff7fd6496b9f7b5175dctxt.txt (113/499)
Skip jrj\462332ecb79aff7fd6496b9f7b5175dctxt.txt, it had been processed.
processing file jrj\46ebb62e68dc5bf725af766bf008286dtxt.txt (114/499)
Skip jrj\46ebb62e68dc5bf725af766bf008286dtxt.txt, it had been processed.
processing file jrj\46f300ef880ef4cda9a479ecb0d4fadatxt.txt (115/499)
Skip jrj\46f300ef880ef4cda9a479ecb0d4fadatxt.txt, it had been processed.
processing file jrj\473c6accfa22f1d529abff6c166dca1dtxt.txt (116/499)
Skip jrj\473c6accfa22f1d529abff6c166dca1dtxt.txt, it had been processed.
processing file jrj\4829f9ece8b62813c1aa4cb2aba564betxt.txt (117/499)
Skip jrj\4829f9ece8b62813c1aa4cb2aba564betxt.txt, it had been processed.
processing file jrj\48799761a0231607da3be9f50563c1e6txt.txt (118/499)
processing file jrj\48799761a0231607da3be9f50563c1e6txt.txt
【研究报告内容摘要】    规模优势将继续扩大
公司现有超纤革的产能为2880万平米/年,2014年底公司总产能将达到3600万平米
从产能增速来看,2010年上市时的产能为600万平米,经过4年的产能扩张,公司产能达到了3600万平米,产能扩张非常迅猛,目前公司在超纤革领域的市场占有率大约为20%左右,公司未来计划在启东新建7500万米非织造布超纤材料,一旦新建产能逐步投放市场,预计公司的规模优势更加明显,生产规模增加2倍左右,预计市场占有率将大幅提升,相比竞争对手的规模优势更加明显
公司发展战略做了小幅调整
公司上市后,公司发展战略非常明确,不断做大超纤革基布的产能规模,通过规模优势降低超纤革基布的生产成本,最终建立超纤革行业龙头企业的竞争地位
从2014年初开始,公司的总经理发生了更换,同时公司的发展战略做了部分调整,未来公司将继续增强超纤革基布的规模优势,同时还将增大贴面革和绒面革的生产规模,增强贴面革等产品的规模对于公司的客户积累具有非常重要的意义,以往生产出超纤革基布后,超纤产品没有经过染色、磨皮等后处理加工,产品附加值比较低,同时与终端客户的交流相对比较少,因此对于市场需求的变化不是非常敏感,而通过增强贴面革的生产规模,公司将增强与终端客户的交流,能更好的满足终端客户的需求,同时提升公司产品的毛利率水平
Error when processing jrj\48799761a0231607da3be9f50563c1e6txt.txt
None
processing file jrj\48b2f983094180058a0170f995c379f7txt.txt (119/499)
Skip jrj\48b2f983094180058a0170f995c379f7txt.txt, it had been processed.
processing file jrj\499b7c941288e307b4699b66a5643613txt.txt (120/499)
Skip jrj\499b7c941288e307b4699b66a5643613txt.txt, it had been processed.
processing file jrj\4af96bd7787d8b2284871d1e4abaeff6txt.txt (121/499)
Skip jrj\4af96bd7787d8b2284871d1e4abaeff6txt.txt, it had been processed.
processing file jrj\4b64f7220620b6f16a1d159ff81dcd26txt.txt (122/499)
Skip jrj\4b64f7220620b6f16a1d159ff81dcd26txt.txt, it had been processed.
processing file jrj\4bccd7f72b4302075028f307578e3a33txt.txt (123/499)
Skip jrj\4bccd7f72b4302075028f307578e3a33txt.txt, it had been processed.
processing file jrj\4bd926ff21ee693af9a0604039595188txt.txt (124/499)
Skip jrj\4bd926ff21ee693af9a0604039595188txt.txt, it had been processed.
processing file jrj\4d3cc576e81cf0dc4475398253a840c7txt.txt (125/499)
Skip jrj\4d3cc576e81cf0dc4475398253a840c7txt.txt, it had been processed.
processing file jrj\4d5c87d89831eb548449cc8e78d5ce7atxt.txt (126/499)
Skip jrj\4d5c87d89831eb548449cc8e78d5ce7atxt.txt, it had been processed.
processing file jrj\4d5f56a7e01bb3f51cfa869228048bdftxt.txt (127/499)
Skip jrj\4d5f56a7e01bb3f51cfa869228048bdftxt.txt, it had been processed.
processing file jrj\4d6cf39c5c6fe82fbc069a0b9ff8ebcatxt.txt (128/499)
Skip jrj\4d6cf39c5c6fe82fbc069a0b9ff8ebcatxt.txt, it had been processed.
processing file jrj\4dfe1c0a0518f3ed5d5b84f6e08a778atxt.txt (129/499)
Skip jrj\4dfe1c0a0518f3ed5d5b84f6e08a778atxt.txt, it had been processed.
processing file jrj\4e46e0c31585651b534049f73f6200cftxt.txt (130/499)
Skip jrj\4e46e0c31585651b534049f73f6200cftxt.txt, it had been processed.
processing file jrj\4e58614dcec73e29b709bcef18feff6etxt.txt (131/499)
Skip jrj\4e58614dcec73e29b709bcef18feff6etxt.txt, it had been processed.
processing file jrj\4e9952e13fff39ad1e16f095918c6771txt.txt (132/499)
Skip jrj\4e9952e13fff39ad1e16f095918c6771txt.txt, it had been processed.
processing file jrj\4ef88ac695a5216cdeba0001658806b5txt.txt (133/499)
Skip jrj\4ef88ac695a5216cdeba0001658806b5txt.txt, it had been processed.
processing file jrj\4fa2242ea3c9333c6c329d654965d162txt.txt (134/499)
Skip jrj\4fa2242ea3c9333c6c329d654965d162txt.txt, it had been processed.
processing file jrj\4ffe0c591716f2f62805e7d2a5346fbctxt.txt (135/499)
Skip jrj\4ffe0c591716f2f62805e7d2a5346fbctxt.txt, it had been processed.
processing file jrj\51a607afdbb4e8ee5163620b8d37cddatxt.txt (136/499)
Skip jrj\51a607afdbb4e8ee5163620b8d37cddatxt.txt, it had been processed.
processing file jrj\5232b389e71cd116a9fc9479b6acb4e9txt.txt (137/499)
Skip jrj\5232b389e71cd116a9fc9479b6acb4e9txt.txt, it had been processed.
processing file jrj\525fba6eec610d7cf9302e80c21ad9b5txt.txt (138/499)
Skip jrj\525fba6eec610d7cf9302e80c21ad9b5txt.txt, it had been processed.
processing file jrj\528d4e631d74d76f7d81c9b9347410aetxt.txt (139/499)
Skip jrj\528d4e631d74d76f7d81c9b9347410aetxt.txt, it had been processed.
processing file jrj\5318550f059988d7a527dcde4d380a97txt.txt (140/499)
Skip jrj\5318550f059988d7a527dcde4d380a97txt.txt, it had been processed.
processing file jrj\5369f05ddf2a687117fa041189d21ff9txt.txt (141/499)
Skip jrj\5369f05ddf2a687117fa041189d21ff9txt.txt, it had been processed.
processing file jrj\53762067b305ef3d310ead9dca5e91a9txt.txt (142/499)
Skip jrj\53762067b305ef3d310ead9dca5e91a9txt.txt, it had been processed.
processing file jrj\53de694f273c556dd198a5fa09c8eb0ftxt.txt (143/499)
Skip jrj\53de694f273c556dd198a5fa09c8eb0ftxt.txt, it had been processed.
processing file jrj\5400e82d3e7f67a309fc27a922f6a240txt.txt (144/499)
Skip jrj\5400e82d3e7f67a309fc27a922f6a240txt.txt, it had been processed.
processing file jrj\542675a7b61d8c20e1f5e9a28cd0c7cftxt.txt (145/499)
Skip jrj\542675a7b61d8c20e1f5e9a28cd0c7cftxt.txt, it had been processed.
processing file jrj\54c9102252687e71924130e02c60d245txt.txt (146/499)
Skip jrj\54c9102252687e71924130e02c60d245txt.txt, it had been processed.
processing file jrj\55e09e5eb308dc47327792ac99d228d4txt.txt (147/499)
Skip jrj\55e09e5eb308dc47327792ac99d228d4txt.txt, it had been processed.
processing file jrj\577572909ab825c48f969f4747fa62fbtxt.txt (148/499)
Skip jrj\577572909ab825c48f969f4747fa62fbtxt.txt, it had been processed.
processing file jrj\586c68e034f1bf78fe346bfaeff8a20dtxt.txt (149/499)
Skip jrj\586c68e034f1bf78fe346bfaeff8a20dtxt.txt, it had been processed.
processing file jrj\5892c5d4153ce655dbaadf6da80a1e23txt.txt (150/499)
Skip jrj\5892c5d4153ce655dbaadf6da80a1e23txt.txt, it had been processed.
processing file jrj\58a985bdf087c57e2e725fa0b7f2f65dtxt.txt (151/499)
Skip jrj\58a985bdf087c57e2e725fa0b7f2f65dtxt.txt, it had been processed.
processing file jrj\58b59f727dba508b476833a2c34c54batxt.txt (152/499)
Skip jrj\58b59f727dba508b476833a2c34c54batxt.txt, it had been processed.
processing file jrj\5935f4ef5f23a898b52f17b5cc6afd43txt.txt (153/499)
Skip jrj\5935f4ef5f23a898b52f17b5cc6afd43txt.txt, it had been processed.
processing file jrj\5954c31548aadc476ee7cf90c216cb3atxt.txt (154/499)
Skip jrj\5954c31548aadc476ee7cf90c216cb3atxt.txt, it had been processed.
processing file jrj\5a40b24050313bfba3126a68ee58b377txt.txt (155/499)
Skip jrj\5a40b24050313bfba3126a68ee58b377txt.txt, it had been processed.
processing file jrj\5aff13ec3d48f759cd6f3e6490f80dfatxt.txt (156/499)
Skip jrj\5aff13ec3d48f759cd6f3e6490f80dfatxt.txt, it had been processed.
processing file jrj\5c00d65fe38cc182972111e183e3556btxt.txt (157/499)
Skip jrj\5c00d65fe38cc182972111e183e3556btxt.txt, it had been processed.
processing file jrj\5cbd7e4e6ef86fb11ea0cbe701500c16txt.txt (158/499)
Skip jrj\5cbd7e4e6ef86fb11ea0cbe701500c16txt.txt, it had been processed.
processing file jrj\5cecb448c989329259962f34d4debda8txt.txt (159/499)
Skip jrj\5cecb448c989329259962f34d4debda8txt.txt, it had been processed.
processing file jrj\5d13b925508ac1929491bc7be7cae4e4txt.txt (160/499)
Skip jrj\5d13b925508ac1929491bc7be7cae4e4txt.txt, it had been processed.
processing file jrj\5d668716a6a72638a6ebdc067553f9b1txt.txt (161/499)
Skip jrj\5d668716a6a72638a6ebdc067553f9b1txt.txt, it had been processed.
processing file jrj\5d85bc0e11734a350e5ac09460ff7363txt.txt (162/499)
Skip jrj\5d85bc0e11734a350e5ac09460ff7363txt.txt, it had been processed.
processing file jrj\5e07b4ee58d671e209522f6f4c866e75txt.txt (163/499)
Skip jrj\5e07b4ee58d671e209522f6f4c866e75txt.txt, it had been processed.
processing file jrj\5e1b10e03d76134884a6f000da5d4776txt.txt (164/499)
Skip jrj\5e1b10e03d76134884a6f000da5d4776txt.txt, it had been processed.
processing file jrj\5ed91b06f8b1c7f833938c3d5252982atxt.txt (165/499)
Skip jrj\5ed91b06f8b1c7f833938c3d5252982atxt.txt, it had been processed.
processing file jrj\5f19a37bc1e0d076973904f3e7699f8ftxt.txt (166/499)
Skip jrj\5f19a37bc1e0d076973904f3e7699f8ftxt.txt, it had been processed.
processing file jrj\5f4c9d39b162143e581abbcea5f525f5txt.txt (167/499)
Skip jrj\5f4c9d39b162143e581abbcea5f525f5txt.txt, it had been processed.
processing file jrj\5fb3377e49ab1ef0f0dae1f84c752afetxt.txt (168/499)
Skip jrj\5fb3377e49ab1ef0f0dae1f84c752afetxt.txt, it had been processed.
processing file jrj\602ac1d9648c4719e0735922fb8be1datxt.txt (169/499)
Skip jrj\602ac1d9648c4719e0735922fb8be1datxt.txt, it had been processed.
processing file jrj\605adc1083aa7ccc9967c793c90dd4a8txt.txt (170/499)
Skip jrj\605adc1083aa7ccc9967c793c90dd4a8txt.txt, it had been processed.
processing file jrj\60fdd7d9e79f46a0ef40888d440d9bcetxt.txt (171/499)
Skip jrj\60fdd7d9e79f46a0ef40888d440d9bcetxt.txt, it had been processed.
processing file jrj\61717ef602118ab39a99dd052842c405txt.txt (172/499)
Skip jrj\61717ef602118ab39a99dd052842c405txt.txt, it had been processed.
processing file jrj\61b90c71db3a241b4768c43a7a691837txt.txt (173/499)
Skip jrj\61b90c71db3a241b4768c43a7a691837txt.txt, it had been processed.
processing file jrj\61e0e3b0165da9c743fa6890c058718ftxt.txt (174/499)
Skip jrj\61e0e3b0165da9c743fa6890c058718ftxt.txt, it had been processed.
processing file jrj\6293dfff9a1a93f06377b41cce33f679txt.txt (175/499)
Skip jrj\6293dfff9a1a93f06377b41cce33f679txt.txt, it had been processed.
processing file jrj\62bf184eb83b029da99f813611a20ad7txt.txt (176/499)
Skip jrj\62bf184eb83b029da99f813611a20ad7txt.txt, it had been processed.
processing file jrj\62dc6d37cf79a9d1e8585a8edd5e8a09txt.txt (177/499)
Skip jrj\62dc6d37cf79a9d1e8585a8edd5e8a09txt.txt, it had been processed.
processing file jrj\6313cda90dff05ca67852494d5df7a0atxt.txt (178/499)
Skip jrj\6313cda90dff05ca67852494d5df7a0atxt.txt, it had been processed.
processing file jrj\64880c9ad5f3d4c24da3dfb8f6e4891etxt.txt (179/499)
Skip jrj\64880c9ad5f3d4c24da3dfb8f6e4891etxt.txt, it had been processed.
processing file jrj\6550ecca85ffd47e132a8e717f71d268txt.txt (180/499)
Skip jrj\6550ecca85ffd47e132a8e717f71d268txt.txt, it had been processed.
processing file jrj\655cc2d15d44891599cda0bc7922a6f2txt.txt (181/499)
Skip jrj\655cc2d15d44891599cda0bc7922a6f2txt.txt, it had been processed.
processing file jrj\65c9daea7aa193436589ab6a12cb53b6txt.txt (182/499)
Skip jrj\65c9daea7aa193436589ab6a12cb53b6txt.txt, it had been processed.
processing file jrj\66a3134a2596e07da267977ef308bcd7txt.txt (183/499)
Skip jrj\66a3134a2596e07da267977ef308bcd7txt.txt, it had been processed.
processing file jrj\67930bd57063b65c0ac3aeec1c6b0ec1txt.txt (184/499)
Skip jrj\67930bd57063b65c0ac3aeec1c6b0ec1txt.txt, it had been processed.
processing file jrj\683a98ac34562e404f5c3a1fe502f265txt.txt (185/499)
Skip jrj\683a98ac34562e404f5c3a1fe502f265txt.txt, it had been processed.
processing file jrj\68783f2fa290ff6642c01a8c8823d99btxt.txt (186/499)
Skip jrj\68783f2fa290ff6642c01a8c8823d99btxt.txt, it had been processed.
processing file jrj\692a628924f75f95682407a18dda8c4atxt.txt (187/499)
Skip jrj\692a628924f75f95682407a18dda8c4atxt.txt, it had been processed.
processing file jrj\6a29d341b551590fa37c65ff03b8f6a7txt.txt (188/499)
Skip jrj\6a29d341b551590fa37c65ff03b8f6a7txt.txt, it had been processed.
processing file jrj\6ac6a76dde69d792eb6e8a985059e2f6txt.txt (189/499)
Skip jrj\6ac6a76dde69d792eb6e8a985059e2f6txt.txt, it had been processed.
processing file jrj\6b55f73177be3b91d90969b8f43be59ftxt.txt (190/499)
Skip jrj\6b55f73177be3b91d90969b8f43be59ftxt.txt, it had been processed.
processing file jrj\6bab83a9d33a172958631b5743b0e869txt.txt (191/499)
Skip jrj\6bab83a9d33a172958631b5743b0e869txt.txt, it had been processed.
processing file jrj\6bee8f90479b207ae93739ad5a052291txt.txt (192/499)
Skip jrj\6bee8f90479b207ae93739ad5a052291txt.txt, it had been processed.
processing file jrj\6c554e0d829f678a03b609e648278c50txt.txt (193/499)
Skip jrj\6c554e0d829f678a03b609e648278c50txt.txt, it had been processed.
processing file jrj\6c8b8e658afd3001a9dfbd68515d3a03txt.txt (194/499)
Skip jrj\6c8b8e658afd3001a9dfbd68515d3a03txt.txt, it had been processed.
processing file jrj\6d0aff8ab3159d8bf8b23f003c7ade83txt.txt (195/499)
Skip jrj\6d0aff8ab3159d8bf8b23f003c7ade83txt.txt, it had been processed.
processing file jrj\6d29a2ed64ca28217da788f3e1663391txt.txt (196/499)
Skip jrj\6d29a2ed64ca28217da788f3e1663391txt.txt, it had been processed.
processing file jrj\6d385ce827f2c68085fa89f31fcbe8eftxt.txt (197/499)
Skip jrj\6d385ce827f2c68085fa89f31fcbe8eftxt.txt, it had been processed.
processing file jrj\6d3cebd349d28178f15534d1759806c4txt.txt (198/499)
Skip jrj\6d3cebd349d28178f15534d1759806c4txt.txt, it had been processed.
processing file jrj\6dde1e627fea79daf4eccca4b9a6edc4txt.txt (199/499)
Skip jrj\6dde1e627fea79daf4eccca4b9a6edc4txt.txt, it had been processed.
processing file jrj\6fcafbcd5324a816e093704d9fa211b4txt.txt (200/499)
Skip jrj\6fcafbcd5324a816e093704d9fa211b4txt.txt, it had been processed.
processing file jrj\6fd38a4322eb10ff10647971b425abbctxt.txt (201/499)
Skip jrj\6fd38a4322eb10ff10647971b425abbctxt.txt, it had been processed.
processing file jrj\70158ad88dbcb22540161e28094f01d7txt.txt (202/499)
Skip jrj\70158ad88dbcb22540161e28094f01d7txt.txt, it had been processed.
processing file jrj\7152c735e5df4f7b08d6806eeaf54efbtxt.txt (203/499)
Skip jrj\7152c735e5df4f7b08d6806eeaf54efbtxt.txt, it had been processed.
processing file jrj\717ed076200e446d5a3e10613624c80ftxt.txt (204/499)
Skip jrj\717ed076200e446d5a3e10613624c80ftxt.txt, it had been processed.
processing file jrj\7289ee06e3b606a6d6373e910a785563txt.txt (205/499)
Skip jrj\7289ee06e3b606a6d6373e910a785563txt.txt, it had been processed.
processing file jrj\72e3491077929b66b5fce0b96b129015txt.txt (206/499)
Skip jrj\72e3491077929b66b5fce0b96b129015txt.txt, it had been processed.
processing file jrj\73637bd1329cc95a9a8a17bb7b158796txt.txt (207/499)
Skip jrj\73637bd1329cc95a9a8a17bb7b158796txt.txt, it had been processed.
processing file jrj\73b61ca22b40a14cc01b1f6bdd27f541txt.txt (208/499)
Skip jrj\73b61ca22b40a14cc01b1f6bdd27f541txt.txt, it had been processed.
processing file jrj\764dabdc2b7bb6a748c51bf2188e0381txt.txt (209/499)
Skip jrj\764dabdc2b7bb6a748c51bf2188e0381txt.txt, it had been processed.
processing file jrj\765a569e55b03ea981d3fdd5d8a169ebtxt.txt (210/499)
Skip jrj\765a569e55b03ea981d3fdd5d8a169ebtxt.txt, it had been processed.
processing file jrj\766f8c0bd13e082f3d7f0ae03d51d7e7txt.txt (211/499)
Skip jrj\766f8c0bd13e082f3d7f0ae03d51d7e7txt.txt, it had been processed.
processing file jrj\77737a1e1b35b21008092a51bc3081c5txt.txt (212/499)
Skip jrj\77737a1e1b35b21008092a51bc3081c5txt.txt, it had been processed.
processing file jrj\77825e9a0f44415094f5ace9e164f2d2txt.txt (213/499)
Skip jrj\77825e9a0f44415094f5ace9e164f2d2txt.txt, it had been processed.
processing file jrj\778370d055677beeccec540d1677b631txt.txt (214/499)
Skip jrj\778370d055677beeccec540d1677b631txt.txt, it had been processed.
processing file jrj\77996ed7e2511fbd6a3a45a3fb160918txt.txt (215/499)
Skip jrj\77996ed7e2511fbd6a3a45a3fb160918txt.txt, it had been processed.
processing file jrj\779e2ffe7909c6fa5eb351fd244dd9eetxt.txt (216/499)
Skip jrj\779e2ffe7909c6fa5eb351fd244dd9eetxt.txt, it had been processed.
processing file jrj\77a8fca7c36c58aaa9824ab8906ff8a8txt.txt (217/499)
Skip jrj\77a8fca7c36c58aaa9824ab8906ff8a8txt.txt, it had been processed.
processing file jrj\77aac4649fc80eff0d2ddb16c3d7f703txt.txt (218/499)
Skip jrj\77aac4649fc80eff0d2ddb16c3d7f703txt.txt, it had been processed.
processing file jrj\787dc3d3399352dda38c10f07e284853txt.txt (219/499)
Skip jrj\787dc3d3399352dda38c10f07e284853txt.txt, it had been processed.
processing file jrj\7908739219135f754e96f614b7d5db72txt.txt (220/499)
Skip jrj\7908739219135f754e96f614b7d5db72txt.txt, it had been processed.
processing file jrj\7916c224b4de015924cda6cfeae4f81ctxt.txt (221/499)
Skip jrj\7916c224b4de015924cda6cfeae4f81ctxt.txt, it had been processed.
processing file jrj\793fd08d092ea1e217d2deb5c5363bbftxt.txt (222/499)
Skip jrj\793fd08d092ea1e217d2deb5c5363bbftxt.txt, it had been processed.
processing file jrj\7986fcf5c9a96abb686d8f6248408bectxt.txt (223/499)
Skip jrj\7986fcf5c9a96abb686d8f6248408bectxt.txt, it had been processed.
processing file jrj\7a4efc4128d8dc96308b4b2d637465dctxt.txt (224/499)
Skip jrj\7a4efc4128d8dc96308b4b2d637465dctxt.txt, it had been processed.
processing file jrj\7ae4e60361922d4c806bb6fee7ac0c57txt.txt (225/499)
Skip jrj\7ae4e60361922d4c806bb6fee7ac0c57txt.txt, it had been processed.
processing file jrj\7c396445df5e6107fdf5e745a871650ftxt.txt (226/499)
Skip jrj\7c396445df5e6107fdf5e745a871650ftxt.txt, it had been processed.
processing file jrj\7c745eb0d22097fc9b1a1ed023aad16ctxt.txt (227/499)
Skip jrj\7c745eb0d22097fc9b1a1ed023aad16ctxt.txt, it had been processed.
processing file jrj\7d224bb9060de184cf8661eb0301a0b8txt.txt (228/499)
Skip jrj\7d224bb9060de184cf8661eb0301a0b8txt.txt, it had been processed.
processing file jrj\7db3b6c7bfbaa4fec267fa47812ce561txt.txt (229/499)
Skip jrj\7db3b6c7bfbaa4fec267fa47812ce561txt.txt, it had been processed.
processing file jrj\7e2da8bba5c4423e5f5c283bd4e11f70txt.txt (230/499)
Skip jrj\7e2da8bba5c4423e5f5c283bd4e11f70txt.txt, it had been processed.
processing file jrj\7eed5216dc44692909703c18a5ecb275txt.txt (231/499)
Skip jrj\7eed5216dc44692909703c18a5ecb275txt.txt, it had been processed.
processing file jrj\7fd6a5d4d8dc006c338210443a43733ctxt.txt (232/499)
Skip jrj\7fd6a5d4d8dc006c338210443a43733ctxt.txt, it had been processed.
processing file jrj\8002e2fb6b8e8a1973fe5c930c15ad24txt.txt (233/499)
Skip jrj\8002e2fb6b8e8a1973fe5c930c15ad24txt.txt, it had been processed.
processing file jrj\82064d61802fe549388e90856bebb1b1txt.txt (234/499)
Skip jrj\82064d61802fe549388e90856bebb1b1txt.txt, it had been processed.
processing file jrj\82cbc3183293d20d6aafc85464e42f91txt.txt (235/499)
Skip jrj\82cbc3183293d20d6aafc85464e42f91txt.txt, it had been processed.
processing file jrj\833633380bd17766f6c53608e9a8b9bctxt.txt (236/499)
Skip jrj\833633380bd17766f6c53608e9a8b9bctxt.txt, it had been processed.
processing file jrj\835edef859bb42c356e760cd1cce9f72txt.txt (237/499)
Skip jrj\835edef859bb42c356e760cd1cce9f72txt.txt, it had been processed.
processing file jrj\83d9446b54c7944d9ccaea291a7e75a6txt.txt (238/499)
Skip jrj\83d9446b54c7944d9ccaea291a7e75a6txt.txt, it had been processed.
processing file jrj\83f5774258ffe5bd0ca8197a09475d77txt.txt (239/499)
Skip jrj\83f5774258ffe5bd0ca8197a09475d77txt.txt, it had been processed.
processing file jrj\842a57db9c5c3ab997b27e29340d3e35txt.txt (240/499)
Skip jrj\842a57db9c5c3ab997b27e29340d3e35txt.txt, it had been processed.
processing file jrj\8653dff7c0ef061cc897e97f7001cdf9txt.txt (241/499)
Skip jrj\8653dff7c0ef061cc897e97f7001cdf9txt.txt, it had been processed.
processing file jrj\870de73bc0a4faa0456e0b3496c771d2txt.txt (242/499)
Skip jrj\870de73bc0a4faa0456e0b3496c771d2txt.txt, it had been processed.
processing file jrj\88975c7116935b37977e30d8c8f8ba7ctxt.txt (243/499)
processing file jrj\88975c7116935b37977e30d8c8f8ba7ctxt.txt
【研究报告内容摘要】    投资要点    收购海尔集成电路,完善产业生态
东软载波以发行股份及支付现金的方式收购上海海尔集成电路100%股权,其中股份对价金额占全部收购价款的45%,现金对价金额占全部收购价款的55%
上海海尔经审计的账面净资产为14,018.14万元;采用收益法评估的上海海尔股东全部权益价值为45,056.46万元,评估增值31,038.32万元,增值率为221.42%
经交易各方确认,上海海尔100%股权作价为45,000万元
根据《盈利预测补偿协议》,交易对方承诺上海海尔2015年度、2016年度当年实现的净利润分别为2,500万元、3,300万元,若实际盈利情况未及上述数据的,由交易对方以获得东软载波所支付的股份总额的50%作为业绩补偿的上限,获得的现金不参与业绩补偿
公司将成为中国未来几年最具成长性的IC 设计龙头
中国集成电路产业政策的推出,将加快芯片国产化趋势,为IC 产业未来发展奠定了市场环境,公司通过收购上海海尔,以及此前参股创达特,公司将跟随中国IC 产业大浪潮而成长,通过外延式发展,公司将成为中国IC 设计龙头企业,并且是电子产业未来几年最具成长性的智能家居产业IC 设计龙头企业,提供智能家居完整的解决方案,成长空间巨大
完善智能家居产业生态,最具成长性智能家居龙头
上海海尔一直紧随海尔集团,积极展开智能家居领域的系列芯片开发和布局,为传统家电制造商向智能化,互联化,信息化转型提供解决方案,同时,东软载波也在积极布局智能家居,为智能家居提供整体解决系统方案
通过并购上海海尔,有利于公司快速切入智能家电市场,扩大载波通信技术的应用领域,完善公司智能家居系统,促进智能家居产品销售,完善公司智能家居产业生态
2015年高成长已成定局
大量的产业链调研显示,2015年智能家居将在新房市场放量,公司产品方案得到下游客户认可,2015年将确定放量
同时,通过收购上海海尔,公司迅速切入智能家电市场,打造智能家居产业生态,加速公司智能家居系统解决方案的推广进程,加速公司2015年智能家居成长
Error when processing jrj\88975c7116935b37977e30d8c8f8ba7ctxt.txt
None
processing file jrj\88e3404d5eeaa9b803406f9f39d139betxt.txt (244/499)
Skip jrj\88e3404d5eeaa9b803406f9f39d139betxt.txt, it had been processed.
processing file jrj\88f29a1e7edd4238cdcdbed88afb1f11txt.txt (245/499)
Skip jrj\88f29a1e7edd4238cdcdbed88afb1f11txt.txt, it had been processed.
processing file jrj\895f553528c258ef04f30c0d42101bc7txt.txt (246/499)
Skip jrj\895f553528c258ef04f30c0d42101bc7txt.txt, it had been processed.
processing file jrj\8a1a520ffbb4dfbbf0d56291ab9e5014txt.txt (247/499)
Skip jrj\8a1a520ffbb4dfbbf0d56291ab9e5014txt.txt, it had been processed.
processing file jrj\8ae2d8f33ca8f3b79469fea640a74db7txt.txt (248/499)
Skip jrj\8ae2d8f33ca8f3b79469fea640a74db7txt.txt, it had been processed.
processing file jrj\8b4eeffe6b609427c62b58582b03d5d5txt.txt (249/499)
Skip jrj\8b4eeffe6b609427c62b58582b03d5d5txt.txt, it had been processed.
processing file jrj\8b622d12bfcbf8c515a473e097c4b5a4txt.txt (250/499)
Skip jrj\8b622d12bfcbf8c515a473e097c4b5a4txt.txt, it had been processed.
processing file jrj\8b8d4af268bc67d2c8162ab52085a591txt.txt (251/499)
Skip jrj\8b8d4af268bc67d2c8162ab52085a591txt.txt, it had been processed.
processing file jrj\8b93fdb17ca3e3cec5725f7b31c35f80txt.txt (252/499)
Skip jrj\8b93fdb17ca3e3cec5725f7b31c35f80txt.txt, it had been processed.
processing file jrj\8ce26c4bd33c09b37c999a7456fa7196txt.txt (253/499)
Skip jrj\8ce26c4bd33c09b37c999a7456fa7196txt.txt, it had been processed.
processing file jrj\8de2982005cb0b61ff2699e94e3cb87ftxt.txt (254/499)
Skip jrj\8de2982005cb0b61ff2699e94e3cb87ftxt.txt, it had been processed.
processing file jrj\8e17543994aa1f6c92b3676ab6230d18txt.txt (255/499)
Skip jrj\8e17543994aa1f6c92b3676ab6230d18txt.txt, it had been processed.
processing file jrj\8e1d16e1574c5bf0d8af23431abc7604txt.txt (256/499)
Skip jrj\8e1d16e1574c5bf0d8af23431abc7604txt.txt, it had been processed.
processing file jrj\8e52d09fb31b4025f4b19e9e33d86e7ftxt.txt (257/499)
Skip jrj\8e52d09fb31b4025f4b19e9e33d86e7ftxt.txt, it had been processed.
processing file jrj\8f1c8abdc8f91b6a40b664059207876dtxt.txt (258/499)
Skip jrj\8f1c8abdc8f91b6a40b664059207876dtxt.txt, it had been processed.
processing file jrj\906000097b286f7e85a4446bcffc9e78txt.txt (259/499)
Skip jrj\906000097b286f7e85a4446bcffc9e78txt.txt, it had been processed.
processing file jrj\90c66bfcb791af516d923bd2af0bf304txt.txt (260/499)
Skip jrj\90c66bfcb791af516d923bd2af0bf304txt.txt, it had been processed.
processing file jrj\91eb247066532af7b2232d4d6c52f056txt.txt (261/499)
Skip jrj\91eb247066532af7b2232d4d6c52f056txt.txt, it had been processed.
processing file jrj\92842c91fde4fdc3b43dbe2170e0ec19txt.txt (262/499)
processing file jrj\92842c91fde4fdc3b43dbe2170e0ec19txt.txt
【研究报告内容摘要】事件
公司与中德索罗门自行车(北京)拟签订收购意向书,公司拟以不超过1.25亿元(含1.25亿元)的价格通过受让仇黎明先生持有的重组后标的公司部分股权和向标的公司增资的方式,最终获得标的公司51%的股权
中德索罗门目前已有全资子公司索罗门自行车(天津)有限公司(为标的公司生产基地),和索罗门伟业(天津)科技有限公司(为标的公司研发总部,截至意向书签署日,仇黎明正在对中德索罗门进行重组,将其变更为仇黎明100%持股之公司,并将中德索罗门注册资本由50万元增加至1000万元,并将其及其关联方持有的阿可倍里自行车(北京)有限公司、比安奇自行车(北京)有限公司、友信德广科技(北京)有限责任公司、北京盛大博兴商贸有限公司、北京通锐特商贸中心(有限合伙)、北京戈友户外用品有限公司、中海巴赫自行车(北京)有限公司、北京德罗商贸有限公司、杰瑞亨自行车(北京)有限公司、左拉时代自行车(北京)有限公司、北京巴尔扎克时代商贸有限公司、天津比斯莱自行车有限责任公司、北京零幺零商贸有限公司、洛克菲勒兴业(天津)自行车有限公司、索罗门自行车(深圳)有限公司变更为中德索罗门全资子公司
